# JRE version: Java(TM) SE Runtime Environment (8.0_202-b08) (build 1.8.0_202-b08)
# Java VM: Java HotSpot(TM) 64-Bit Server VM (25.202-b08 mixed mode windows-amd64 compressed oops)
Heap:
 PSYoungGen      total 109568K, used 7144K [0x00000000eb200000, 0x00000000f3e00000, 0x0000000100000000)
  eden space 102400K, 0% used [0x00000000eb200000,0x00000000eb200000,0x00000000f1600000)
  from space 7168K, 99% used [0x00000000f3000000,0x00000000f36fa0f0,0x00000000f3700000)
  to   space 6144K, 0% used [0x00000000f3800000,0x00000000f3800000,0x00000000f3e00000)
 ParOldGen       total 35840K, used 15837K [0x00000000c1600000, 0x00000000c3900000, 0x00000000eb200000)
  object space 35840K, 44% used [0x00000000c1600000,0x00000000c2577440,0x00000000c3900000)
 Metaspace       used 33050K, capacity 35480K, committed 35496K, reserved 1079296K
  class space    used 4399K, capacity 4849K, committed 4864K, reserved 1048576K
GC Heap History (10 events):
Event: 3.036 GC heap after
Heap after GC invocations=6 (full 0):
 PSYoungGen      total 72192K, used 4445K [0x00000000eb200000, 0x00000000eff00000, 0x0000000100000000)
  eden space 65536K, 0% used [0x00000000eb200000,0x00000000eb200000,0x00000000ef200000)
  from space 6656K, 66% used [0x00000000ef880000,0x00000000efcd77f0,0x00000000eff00000)
  to   space 6656K, 0% used [0x00000000ef200000,0x00000000ef200000,0x00000000ef880000)
 ParOldGen       total 44032K, used 7758K [0x00000000c1600000, 0x00000000c4100000, 0x00000000eb200000)
  object space 44032K, 17% used [0x00000000c1600000,0x00000000c1d93900,0x00000000c4100000)
 Metaspace       used 18634K, capacity 20220K, committed 20352K, reserved 1067008K
  class space    used 2494K, capacity 2836K, committed 2944K, reserved 1048576K
}
Event: 3.497 GC heap before
{Heap before GC invocations=7 (full 0):
 PSYoungGen      total 72192K, used 42230K [0x00000000eb200000, 0x00000000eff00000, 0x0000000100000000)
  eden space 65536K, 57% used [0x00000000eb200000,0x00000000ed6e6220,0x00000000ef200000)
  from space 6656K, 66% used [0x00000000ef880000,0x00000000efcd77f0,0x00000000eff00000)
  to   space 6656K, 0% used [0x00000000ef200000,0x00000000ef200000,0x00000000ef880000)
 ParOldGen       total 44032K, used 7758K [0x00000000c1600000, 0x00000000c4100000, 0x00000000eb200000)
  object space 44032K, 17% used [0x00000000c1600000,0x00000000c1d93900,0x00000000c4100000)
 Metaspace       used 19645K, capacity 21266K, committed 21296K, reserved 1067008K
  class space    used 2613K, capacity 2941K, committed 2944K, reserved 1048576K
Event: 3.505 GC heap after
Heap after GC invocations=7 (full 0):
 PSYoungGen      total 72192K, used 4167K [0x00000000eb200000, 0x00000000f3e00000, 0x0000000100000000)
  eden space 65536K, 0% used [0x00000000eb200000,0x00000000eb200000,0x00000000ef200000)
  from space 6656K, 62% used [0x00000000ef200000,0x00000000ef611ce0,0x00000000ef880000)
  to   space 6144K, 0% used [0x00000000f3800000,0x00000000f3800000,0x00000000f3e00000)
 ParOldGen       total 44032K, used 9009K [0x00000000c1600000, 0x00000000c4100000, 0x00000000eb200000)
  object space 44032K, 20% used [0x00000000c1600000,0x00000000c1ecc440,0x00000000c4100000)
 Metaspace       used 19645K, capacity 21266K, committed 21296K, reserved 1067008K
  class space    used 2613K, capacity 2941K, committed 2944K, reserved 1048576K
}
Event: 3.505 GC heap before
{Heap before GC invocations=8 (full 1):
 PSYoungGen      total 72192K, used 4167K [0x00000000eb200000, 0x00000000f3e00000, 0x0000000100000000)
  eden space 65536K, 0% used [0x00000000eb200000,0x00000000eb200000,0x00000000ef200000)
  from space 6656K, 62% used [0x00000000ef200000,0x00000000ef611ce0,0x00000000ef880000)
  to   space 6144K, 0% used [0x00000000f3800000,0x00000000f3800000,0x00000000f3e00000)
 ParOldGen       total 44032K, used 9009K [0x00000000c1600000, 0x00000000c4100000, 0x00000000eb200000)
  object space 44032K, 20% used [0x00000000c1600000,0x00000000c1ecc440,0x00000000c4100000)
 Metaspace       used 19645K, capacity 21266K, committed 21296K, reserved 1067008K
  class space    used 2613K, capacity 2941K, committed 2944K, reserved 1048576K
Event: 3.551 GC heap after
Heap after GC invocations=8 (full 1):
 PSYoungGen      total 72192K, used 0K [0x00000000eb200000, 0x00000000f3e00000, 0x0000000100000000)
  eden space 65536K, 0% used [0x00000000eb200000,0x00000000eb200000,0x00000000ef200000)
  from space 6656K, 0% used [0x00000000ef200000,0x00000000ef200000,0x00000000ef880000)
  to   space 6144K, 0% used [0x00000000f3800000,0x00000000f3800000,0x00000000f3e00000)
 ParOldGen       total 35840K, used 9364K [0x00000000c1600000, 0x00000000c3900000, 0x00000000eb200000)
  object space 35840K, 26% used [0x00000000c1600000,0x00000000c1f25370,0x00000000c3900000)
 Metaspace       used 19645K, capacity 21266K, committed 21296K, reserved 1067008K
  class space    used 2613K, capacity 2941K, committed 2944K, reserved 1048576K
}
Event: 5.392 GC heap before
{Heap before GC invocations=9 (full 1):
 PSYoungGen      total 72192K, used 65536K [0x00000000eb200000, 0x00000000f3e00000, 0x0000000100000000)
  eden space 65536K, 100% used [0x00000000eb200000,0x00000000ef200000,0x00000000ef200000)
  from space 6656K, 0% used [0x00000000ef200000,0x00000000ef200000,0x00000000ef880000)
  to   space 6144K, 0% used [0x00000000f3800000,0x00000000f3800000,0x00000000f3e00000)
 ParOldGen       total 35840K, used 9364K [0x00000000c1600000, 0x00000000c3900000, 0x00000000eb200000)
  object space 35840K, 26% used [0x00000000c1600000,0x00000000c1f25370,0x00000000c3900000)
 Metaspace       used 24530K, capacity 26756K, committed 26880K, reserved 1073152K
  class space    used 3350K, capacity 3752K, committed 3840K, reserved 1048576K
Event: 5.404 GC heap after
Heap after GC invocations=9 (full 1):
 PSYoungGen      total 108544K, used 6120K [0x00000000eb200000, 0x00000000f3e00000, 0x0000000100000000)
  eden space 102400K, 0% used [0x00000000eb200000,0x00000000eb200000,0x00000000f1600000)
  from space 6144K, 99% used [0x00000000f3800000,0x00000000f3dfa240,0x00000000f3e00000)
  to   space 7168K, 0% used [0x00000000f3000000,0x00000000f3000000,0x00000000f3700000)
 ParOldGen       total 35840K, used 9947K [0x00000000c1600000, 0x00000000c3900000, 0x00000000eb200000)
  object space 35840K, 27% used [0x00000000c1600000,0x00000000c1fb6ee0,0x00000000c3900000)
 Metaspace       used 24530K, capacity 26756K, committed 26880K, reserved 1073152K
  class space    used 3350K, capacity 3752K, committed 3840K, reserved 1048576K
}
Event: 9.116 GC heap before
{Heap before GC invocations=10 (full 1):
 PSYoungGen      total 108544K, used 66482K [0x00000000eb200000, 0x00000000f3e00000, 0x0000000100000000)
  eden space 102400K, 58% used [0x00000000eb200000,0x00000000eecf29b0,0x00000000f1600000)
  from space 6144K, 99% used [0x00000000f3800000,0x00000000f3dfa240,0x00000000f3e00000)
  to   space 7168K, 0% used [0x00000000f3000000,0x00000000f3000000,0x00000000f3700000)
 ParOldGen       total 35840K, used 9947K [0x00000000c1600000, 0x00000000c3900000, 0x00000000eb200000)
  object space 35840K, 27% used [0x00000000c1600000,0x00000000c1fb6ee0,0x00000000c3900000)
 Metaspace       used 33050K, capacity 35480K, committed 35496K, reserved 1079296K
  class space    used 4399K, capacity 4849K, committed 4864K, reserved 1048576K
Event: 9.137 GC heap after
Heap after GC invocations=10 (full 1):
 PSYoungGen      total 109568K, used 7144K [0x00000000eb200000, 0x00000000f3e00000, 0x0000000100000000)
  eden space 102400K, 0% used [0x00000000eb200000,0x00000000eb200000,0x00000000f1600000)
  from space 7168K, 99% used [0x00000000f3000000,0x00000000f36fa0f0,0x00000000f3700000)
  to   space 6144K, 0% used [0x00000000f3800000,0x00000000f3800000,0x00000000f3e00000)
 ParOldGen       total 35840K, used 15837K [0x00000000c1600000, 0x00000000c3900000, 0x00000000eb200000)
  object space 35840K, 44% used [0x00000000c1600000,0x00000000c2577440,0x00000000c3900000)
 Metaspace       used 33050K, capacity 35480K, committed 35496K, reserved 1079296K
  class space    used 4399K, capacity 4849K, committed 4864K, reserved 1048576K
}
Event: 9.137 GC heap before
{Heap before GC invocations=11 (full 2):
 PSYoungGen      total 109568K, used 7144K [0x00000000eb200000, 0x00000000f3e00000, 0x0000000100000000)
  eden space 102400K, 0% used [0x00000000eb200000,0x00000000eb200000,0x00000000f1600000)
  from space 7168K, 99% used [0x00000000f3000000,0x00000000f36fa0f0,0x00000000f3700000)
  to   space 6144K, 0% used [0x00000000f3800000,0x00000000f3800000,0x00000000f3e00000)
 ParOldGen       total 35840K, used 15837K [0x00000000c1600000, 0x00000000c3900000, 0x00000000eb200000)
  object space 35840K, 44% used [0x00000000c1600000,0x00000000c2577440,0x00000000c3900000)
 Metaspace       used 33050K, capacity 35480K, committed 35496K, reserved 1079296K
  class space    used 4399K, capacity 4849K, committed 4864K, reserved 1048576K

